<?xml version="1.0" encoding="UTF-8"?>
<testng-results ignored="0" total="1" passed="1" failed="0" skipped="0">
  <reporter-output>
  </reporter-output>
  <suite started-at="2022-06-28T21:29:26 PKT" name="Default suite" finished-at="2022-06-28T21:29:39 PKT" duration-ms="13033">
    <groups>
    </groups>
    <test started-at="2022-06-28T21:29:26 PKT" name="Default test" finished-at="2022-06-28T21:29:39 PKT" duration-ms="13033">
      <class name="com.test.LoginTest">
        <test-method signature="loginTest()[pri:0, instance:com.test.LoginTest@67f639d3]" started-at="2022-06-28T21:29:26 PKT" name="loginTest" finished-at="2022-06-28T21:29:39 PKT" duration-ms="12979" status="PASS">
          <reporter-output>
          </reporter-output>
        </test-method> <!-- loginTest -->
      </class> <!-- com.test.LoginTest -->
    </test> <!-- Default test -->
  </suite> <!-- Default suite -->
</testng-results>
